This is pdfTeX, Version 3.14159265-2.6-1.40.20 (TeX Live 2019/Arch Linux) (preloaded format=pdflatex 2019.11.18)  6 DEC 2019 15:21
entering extended mode
 restricted \write18 enabled.
 %&-line parsing enabled.
**markdown/resume.md
(./markdown/resume.md
LaTeX2e <2019-10-01> patch level 1
! You can't use `macro parameter character #' in vertical mode.
l.1 #
      M.Sc. Xavier Valcarce
? 
! Emergency stop.
l.1 #
      M.Sc. Xavier Valcarce
End of file on the terminal!

 
Here is how much of TeX's memory you used:
 7 strings out of 492167
 162 string characters out of 6131557
 59016 words of memory out of 5000000
 4468 multiletter control sequences out of 15000+600000
 3640 words of font info for 14 fonts, out of 8000000 for 9000
 1141 hyphenation exceptions out of 8191
 5i,0n,1p,44b,8s stack positions out of 5000i,500n,10000p,200000b,80000s
!  ==> Fatal error occurred, no output PDF file produced!
